<?xml version="1.0" encoding="UTF-8"?>
<testsuite xmlns:xsi="http://www.w3.org/2001/XMLSchema-instance" xsi:noNamespaceSchemaLocation="https://maven.apache.org/surefire/maven-surefire-plugin/xsd/surefire-test-report-3.0.xsd" version="3.0" name="com.macroflow.api.MacroFlowApiApplicationTests" time="0.683" tests="1" errors="0" skipped="0" failures="0">
  <properties>
[...]
</properties>
  <testcase name="contextLoads" classname="com.macroflow.api.MacroFlowApiApplicationTests" time="0.002">
    <system-out><![CDATA[{"timestamp":"2026-03-16 15:55:40,060","level":"INFO","logger":"o.s.t.c.s.AnnotationConfigContextLoaderUtils","traceId":"","userId":"","message":"Could not detect default configuration classes for test class [com.macroflow.api.MacroFlowApiApplicationTests]: MacroFlowApiApplicationTests does not declare any static, non-private, non-final, nested classes annotated with @Configuration."}
{"timestamp":"2026-03-16 15:55:40,061","level":"INFO","logger":"o.s.b.t.c.SpringBootTestContextBootstrapper","traceId":"","userId":"","message":"Found @SpringBootConfiguration com.macroflow.MacroFlowApiApplication for test class com.macroflow.api.MacroFlowApiApplicationTests"}

  .   ____          _            __ _ _
 /\\ / ___'_ __ _ _(_)_ __  __ _ \ \ \ \
( ( )\___ | '_ | '_| | '_ \/ _` | \ \ \ \
 \\/  ___)| |_)| | | | | || (_| |  ) ) ) )
  '  |____| .__|_| |_|_| |_\__, | / / / /
 =========|_|==============|___/=/_/_/_/
&amp#27;[32m :: Spring Boot :: &amp#27;[39m              &amp#27;[2m (v3.2.5)&amp#27;[0;39m

{"timestamp":"2026-03-16 15:55:40,076","level":"INFO","logger":"c.m.api.MacroFlowApiApplicationTests","traceId":"","userId":"","message":"Starting MacroFlowApiApplicationTests using Java 24.0.2 with PID 29293 (started by aimeeraatz in /Users/aimeeraatz/Documents/Kiro Projects/Macros-Calculator-App/backend)"}
{"timestamp":"2026-03-16 15:55:40,076","level":"INFO","logger":"c.m.api.MacroFlowApiApplicationTests","traceId":"","userId":"","message":"The following 1 profile is active: "test""}
{"timestamp":"2026-03-16 15:55:40,202","level":"INFO","logger":"o.s.d.r.c.RepositoryConfigurationDelegate","traceId":"","userId":"","message":"Bootstrapping Spring Data JPA repositories in DEFAULT mode."}
{"timestamp":"2026-03-16 15:55:40,211","level":"INFO","logger":"o.s.d.r.c.RepositoryConfigurationDelegate","traceId":"","userId":"","message":"Finished Spring Data repository scanning in 8 ms. Found 8 JPA repository interfaces."}
{"timestamp":"2026-03-16 15:55:40,265","level":"INFO","logger":"o.h.jpa.internal.util.LogHelper","traceId":"","userId":"","message":"HHH000204: Processing PersistenceUnitInfo [name: default]"}
{"timestamp":"2026-03-16 15:55:40,266","level":"INFO","logger":"o.h.c.i.RegionFactoryInitiator","traceId":"","userId":"","message":"HHH000026: Second-level cache disabled"}
{"timestamp":"2026-03-16 15:55:40,268","level":"INFO","logger":"o.s.o.j.p.SpringPersistenceUnitInfo","traceId":"","userId":"","message":"No LoadTimeWeaver setup: ignoring JPA class transformer"}
{"timestamp":"2026-03-16 15:55:40,268","level":"INFO","logger":"com.zaxxer.hikari.HikariDataSource","traceId":"","userId":"","message":"HikariPool-3 - Starting..."}
{"timestamp":"2026-03-16 15:55:40,269","level":"INFO","logger":"com.zaxxer.hikari.pool.HikariPool","traceId":"","userId":"","message":"HikariPool-3 - Added connection conn4: url=jdbc:h2:mem:testdb user=SA"}
{"timestamp":"2026-03-16 15:55:40,269","level":"INFO","logger":"com.zaxxer.hikari.HikariDataSource","traceId":"","userId":"","message":"HikariPool-3 - Start completed."}
{"timestamp":"2026-03-16 15:55:40,269","level":"WARN","logger":"org.hibernate.dialect.Dialect","traceId":"","userId":"","message":"HHH000511: The 2.2.0 version for [org.hibernate.dialect.PostgreSQLDialect] is no longer supported, hence certain features may not work properly. The minimum supported version is 12.0.0. Check the community dialects project for available legacy versions."}
{"timestamp":"2026-03-16 15:55:40,269","level":"WARN","logger":"org.hibernate.orm.deprecation","traceId":"","userId":"","message":"HHH90000025: PostgreSQLDialect does not need to be specified explicitly using 'hibernate.dialect' (remove the property setting and it will be selected by default)"}
{"timestamp":"2026-03-16 15:55:40,354","level":"INFO","logger":"o.h.e.t.j.p.i.JtaPlatformInitiator","traceId":"","userId":"","message":"HHH000489: No JTA platform available (set 'hibernate.transaction.jta.platform' to enable JTA platform integration)"}
{"timestamp":"2026-03-16 15:55:40,362","level":"INFO","logger":"o.s.o.j.LocalContainerEntityManagerFactoryBean","traceId":"","userId":"","message":"Initialized JPA EntityManagerFactory for persistence unit 'default'"}
{"timestamp":"2026-03-16 15:55:40,547","level":"WARN","logger":"o.s.b.a.s.s.UserDetailsServiceAutoConfiguration","traceId":"","userId":"","message":"

Using generated security password: 0b6204d5-7e2c-4513-aef9-58d88e14431a

This generated password is for development use only. Your security configuration must be updated before running your application in production.
"}
{"timestamp":"2026-03-16 15:55:40,611","level":"INFO","logger":"o.s.b.a.e.web.EndpointLinksResolver","traceId":"","userId":"","message":"Exposing 3 endpoint(s) beneath base path '/actuator'"}
{"timestamp":"2026-03-16 15:55:40,629","level":"INFO","logger":"o.s.s.web.DefaultSecurityFilterChain","traceId":"","userId":"","message":"Will secure any request with [org.springframework.security.web.session.DisableEncodeUrlFilter@1f344be, org.springframework.security.web.context.request.async.WebAsyncManagerIntegrationFilter@504b0a70, org.springframework.security.web.context.SecurityContextHolderFilter@df0380a, org.springframework.security.web.header.HeaderWriterFilter@72741c84, org.springframework.web.filter.CorsFilter@7cb97db0, org.springframework.security.web.authentication.logout.LogoutFilter@2540e6f8, com.macroflow.security.JwtAuthenticationFilter@5b1636a6, org.springframework.security.web.savedrequest.RequestCacheAwareFilter@6b3df144, org.springframework.security.web.servletapi.SecurityContextHolderAwareRequestFilter@13b0a2ef, org.springframework.security.web.authentication.AnonymousAuthenticationFilter@73c4cb8, org.springframework.security.web.session.SessionManagementFilter@137e8c71, org.springframework.security.web.access.ExceptionTranslationFilter@c0f3f78, org.springframework.security.web.access.intercept.AuthorizationFilter@49131f57]"}
{"timestamp":"2026-03-16 15:55:40,739","level":"INFO","logger":"c.m.api.MacroFlowApiApplicationTests","traceId":"","userId":"","message":"Started MacroFlowApiApplicationTests in 0.676 seconds (process running for 6.976)"}
]]></system-out>
  </testcase>
</testsuite>