<?xml version="1.0" encoding="UTF-8"?>
<testsuite xmlns:xsi="http://www.w3.org/2001/XMLSchema-instance" xsi:noNamespaceSchemaLocation="https://maven.apache.org/surefire/maven-surefire-plugin/xsd/surefire-test-report-3.0.xsd" version="3.0" name="com.macroflow.service.AnalyticsServicePropertyTest" time="0.035" tests="7" errors="0" skipped="0" failures="0">
  <properties>
[...]
</properties>
  <testcase name="Property 14: Daily calorie sum equals sum of individual entry calories" classname="com.macroflow.service.AnalyticsServicePropertyTest" time="0.014">
    <system-out><![CDATA[timestamp = 2026-03-17T15:17:22.513, AnalyticsServicePropertyTest:Property 14: Daily calorie sum equals sum of individual entry calories = 
                              |-----------------------jqwik-----------------------
tries = 100                   | # of calls to property
checks = 100                  | # of not rejected calls
generation = RANDOMIZED       | parameters are randomly generated
after-failure = SAMPLE_FIRST  | try previously failed sample, then previous seed
when-fixed-seed = ALLOW       | fixing the random seed is allowed
edge-cases#mode = MIXIN       | edge cases are mixed in
edge-cases#total = 5          | # of all combined edge cases
edge-cases#tried = 4          | # of edge cases tried in current run
seed = 278625395699328515     | random seed to reproduce generated values


]]></system-out>
  </testcase>
  <testcase name="Property 13b: Average of all-zero daily values is 0" classname="com.macroflow.service.AnalyticsServicePropertyTest" time="0.002">
    <system-out><![CDATA[timestamp = 2026-03-17T15:17:22.514977, AnalyticsServicePropertyTest:Property 13b: Average of all-zero daily values is 0 = 
                              |-----------------------jqwik-----------------------
tries = 30                    | # of calls to property
checks = 30                   | # of not rejected calls
generation = EXHAUSTIVE       | parameters are exhaustively generated
after-failure = SAMPLE_FIRST  | try previously failed sample, then previous seed
when-fixed-seed = ALLOW       | fixing the random seed is allowed
edge-cases#mode = MIXIN       | edge cases are mixed in
edge-cases#total = 0          | # of all combined edge cases
edge-cases#tried = 0          | # of edge cases tried in current run
seed = 2793575470534390520    | random seed to reproduce generated values


]]></system-out>
  </testcase>
  <testcase name="Property 13: Weekly average = sum / 7 for any daily values array" classname="com.macroflow.service.AnalyticsServicePropertyTest" time="0.006">
    <system-out><![CDATA[timestamp = 2026-03-17T15:17:22.521536, AnalyticsServicePropertyTest:Property 13: Weekly average = sum / 7 for any daily values array = 
                              |-----------------------jqwik-----------------------
tries = 100                   | # of calls to property
checks = 100                  | # of not rejected calls
generation = RANDOMIZED       | parameters are randomly generated
after-failure = SAMPLE_FIRST  | try previously failed sample, then previous seed
when-fixed-seed = ALLOW       | fixing the random seed is allowed
edge-cases#mode = MIXIN       | edge cases are mixed in
edge-cases#total = 5          | # of all combined edge cases
edge-cases#tried = 5          | # of edge cases tried in current run
seed = 4697694234572532703    | random seed to reproduce generated values


]]></system-out>
  </testcase>
  <testcase name="Property 15b: Adherence is capped at 200% when actual &gt; 2 * target" classname="com.macroflow.service.AnalyticsServicePropertyTest" time="0.004">
    <system-out><![CDATA[timestamp = 2026-03-17T15:17:22.525828, AnalyticsServicePropertyTest:Property 15b: Adherence is capped at 200% when actual > 2 * target = 
                              |-----------------------jqwik-----------------------
tries = 100                   | # of calls to property
checks = 100                  | # of not rejected calls
generation = RANDOMIZED       | parameters are randomly generated
after-failure = SAMPLE_FIRST  | try previously failed sample, then previous seed
when-fixed-seed = ALLOW       | fixing the random seed is allowed
edge-cases#mode = MIXIN       | edge cases are mixed in
edge-cases#total = 15         | # of all combined edge cases
edge-cases#tried = 10         | # of edge cases tried in current run
seed = -4039160560466417507   | random seed to reproduce generated values


]]></system-out>
  </testcase>
  <testcase name="Property 15c: Adherence is 0% when target is 0" classname="com.macroflow.service.AnalyticsServicePropertyTest" time="0.003">
    <system-out><![CDATA[timestamp = 2026-03-17T15:17:22.528472, AnalyticsServicePropertyTest:Property 15c: Adherence is 0% when target is 0 = 
                              |-----------------------jqwik-----------------------
tries = 100                   | # of calls to property
checks = 100                  | # of not rejected calls
generation = RANDOMIZED       | parameters are randomly generated
after-failure = SAMPLE_FIRST  | try previously failed sample, then previous seed
when-fixed-seed = ALLOW       | fixing the random seed is allowed
edge-cases#mode = MIXIN       | edge cases are mixed in
edge-cases#total = 5          | # of all combined edge cases
edge-cases#tried = 5          | # of edge cases tried in current run
seed = 5799320705067220483    | random seed to reproduce generated values


]]></system-out>
  </testcase>
  <testcase name="Property 15a: Adherence is 100% when actual equals target" classname="com.macroflow.service.AnalyticsServicePropertyTest" time="0.002">
    <system-out><![CDATA[timestamp = 2026-03-17T15:17:22.530632, AnalyticsServicePropertyTest:Property 15a: Adherence is 100% when actual equals target = 
                              |-----------------------jqwik-----------------------
tries = 100                   | # of calls to property
checks = 100                  | # of not rejected calls
generation = RANDOMIZED       | parameters are randomly generated
after-failure = SAMPLE_FIRST  | try previously failed sample, then previous seed
when-fixed-seed = ALLOW       | fixing the random seed is allowed
edge-cases#mode = MIXIN       | edge cases are mixed in
edge-cases#total = 3          | # of all combined edge cases
edge-cases#tried = 3          | # of edge cases tried in current run
seed = -4920346385309556969   | random seed to reproduce generated values


]]></system-out>
  </testcase>
  <testcase name="Property 15d: Adherence is always in [0, 200] for any non-negative inputs" classname="com.macroflow.service.AnalyticsServicePropertyTest" time="0.004">
    <system-out><![CDATA[timestamp = 2026-03-17T15:17:22.534658, AnalyticsServicePropertyTest:Property 15d: Adherence is always in [0, 200] for any non-negative inputs = 
                              |-----------------------jqwik-----------------------
tries = 100                   | # of calls to property
checks = 100                  | # of not rejected calls
generation = RANDOMIZED       | parameters are randomly generated
after-failure = SAMPLE_FIRST  | try previously failed sample, then previous seed
when-fixed-seed = ALLOW       | fixing the random seed is allowed
edge-cases#mode = MIXIN       | edge cases are mixed in
edge-cases#total = 25         | # of all combined edge cases
edge-cases#tried = 18         | # of edge cases tried in current run
seed = -6347270201534474010   | random seed to reproduce generated values


]]></system-out>
  </testcase>
</testsuite>